<?xml version="1.0" encoding="UTF-8"?>
<!-- Generated by org.testng.reporters.JUnitReportReporter -->
<testsuite hostname="Kishor-Kore" failures="0" tests="2" name="test.testcase.com.TestCases" time="0.013" errors="0" timestamp="2022-11-19T00:43:49 IST" skipped="0">
  <testcase classname="test.testcase.com.TestCases" name="countryMatch" time="0.010"/>
  <system-out/>
  <testcase classname="test.testcase.com.TestCases" name="dateMatch" time="0.003"/>
  <system-out/>
</testsuite> <!-- test.testcase.com.TestCases -->
